MPASM 5.77                   ULTRASONIDO.ASM   5-13-2018  15:28:19         PAGE  1


LOC  OBJECT CODE     LINE SOURCE TEXT
  VALUE

                      00001 ;-------------------------------------------------------------------------------------------------------
                            ----------------------
                      00002 ;Control en Biosistemas con Lógica Contínua
                      00003 ;
                      00004 ;Programa de encendido de un  led controlado por pulsador.  Un s?lo pulsador enciende y apaga el led
                      00005 ;-------------------------------------------------------------------------------------------------------
                            ----------------------
                      00006         list p=18F4550
                      00007         include <p18F4550.inc>
                      00001         LIST
                      00002 
                      00003 ;==========================================================================
                      00004 ; Build date : Nov 22 2017
                      00005 ;  MPASM PIC18F4550 processor include
                      00006 ; 
                      00007 ;  (c) Copyright 1999-2017 Microchip Technology, All rights reserved
                      00008 ;==========================================================================
                      00009 
                      01765         LIST
                      00008         include <configurationbit.txt>; ; PIC18F4550 Configuration Bit Settings
                      00001 
                      00002 ; PIC18F4550 Configuration Bit Settings
                      00003 
                      00004 ; Assembly source line config statements
                      00005 
                      00006 ;#include "p18f4550.inc"
                      00007 
                      00008 ; CONFIG1L
00 0A 19 1E 80 80 0F C00009   CONFIG  PLLDIV = 1            ; PLL Prescaler Selection bits (No prescale (4 MHz oscillator input driv
                            es PLL directly))
       0 0F E0 0F 40 
                      00010   CONFIG  CPUDIV = OSC1_PLL2    ; System Clock Postscaler Selection bits ([Primary Oscillator Src: /1][9
                            6 MHz PLL Src: /2])
                      00011   CONFIG  USBDIV = 1            ; USB Clock Selection bit (used in Full-Speed USB mode only; UCFG:FSEN =
                             1) (USB clock source comes directly from the primary oscillator block with no postscale)
                      00012 
                      00013 ; CONFIG1H
                      00014   CONFIG  FOSC = INTOSC_XT      ; Oscillator Selection bits (Internal oscillator, XT used by USB (INTXT)
                            )
                      00015   CONFIG  FCMEN = OFF           ; Fail-Safe Clock Monitor Enable bit (Fail-Safe Clock Monitor disabled)
                      00016   CONFIG  IESO = OFF            ; Internal/External Oscillator Switchover bit (Oscillator Switchover mod
                            e disabled)
                      00017 
                      00018 ; CONFIG2L
                      00019   CONFIG  PWRT = OFF            ; Power-up Timer Enable bit (PWRT disabled)
                      00020   CONFIG  BOR = OFF             ; Brown-out Reset Enable bits (Brown-out Reset disabled in hardware and 
                            software)
                      00021   CONFIG  BORV = 3              ; Brown-out Reset Voltage bits (Minimum setting 2.05V)
                      00022   CONFIG  VREGEN = OFF          ; USB Voltage Regulator Enable bit (USB voltage regulator disabled)
                      00023 
                      00024 ; CONFIG2H
                      00025   CONFIG  WDT = OFF             ; Watchdog Timer Enable bit (WDT disabled (control is placed on the SWDT
                            EN bit))
MPASM 5.77                   ULTRASONIDO.ASM   5-13-2018  15:28:19         PAGE  2


LOC  OBJECT CODE     LINE SOURCE TEXT
  VALUE

                      00026   CONFIG  WDTPS = 32768         ; Watchdog Timer Postscale Select bits (1:32768)
                      00027 
                      00028 ; CONFIG3H
                      00029   CONFIG  CCP2MX = OFF          ; CCP2 MUX bit (CCP2 input/output is multiplexed with RB3)
                      00030   CONFIG  PBADEN = OFF          ; PORTB A/D Enable bit (PORTB<4:0> pins are configured as digital I/O on
                             Reset)
                      00031   CONFIG  LPT1OSC = OFF         ; Low-Power Timer 1 Oscillator Enable bit (Timer1 configured for higher 
                            power operation)
                      00032   CONFIG  MCLRE = ON            ; MCLR Pin Enable bit (MCLR pin enabled; RE3 input pin disabled)
                      00033 
                      00034 ; CONFIG4L
                      00035   CONFIG  STVREN = OFF          ; Stack Full/Underflow Reset Enable bit (Stack full/underflow will not c
                            ause Reset)
                      00036   CONFIG  LVP = OFF             ; Single-Supply ICSP Enable bit (Single-Supply ICSP disabled)
                      00037   CONFIG  ICPRT = OFF           ; Dedicated In-Circuit Debug/Programming Port (ICPORT) Enable bit (ICPOR
                            T disabled)
                      00038   CONFIG  XINST = OFF           ; Extended Instruction Set Enable bit (Instruction set extension and Ind
                            exed Addressing mode disabled (Legacy mode))
                      00039 
                      00040 ; CONFIG5L
                      00041   CONFIG  CP0 = OFF             ; Code Protection bit (Block 0 (000800-001FFFh) is not code-protected)
                      00042   CONFIG  CP1 = OFF             ; Code Protection bit (Block 1 (002000-003FFFh) is not code-protected)
                      00043   CONFIG  CP2 = OFF             ; Code Protection bit (Block 2 (004000-005FFFh) is not code-protected)
                      00044   CONFIG  CP3 = OFF             ; Code Protection bit (Block 3 (006000-007FFFh) is not code-protected)
                      00045 
                      00046 ; CONFIG5H
                      00047   CONFIG  CPB = OFF             ; Boot Block Code Protection bit (Boot block (000000-0007FFh) is not cod
                            e-protected)
                      00048   CONFIG  CPD = OFF             ; Data EEPROM Code Protection bit (Data EEPROM is not code-protected)
                      00049 
                      00050 ; CONFIG6L
                      00051   CONFIG  WRT0 = OFF            ; Write Protection bit (Block 0 (000800-001FFFh) is not write-protected)
                      00052   CONFIG  WRT1 = OFF            ; Write Protection bit (Block 1 (002000-003FFFh) is not write-protected)
                      00053   CONFIG  WRT2 = OFF            ; Write Protection bit (Block 2 (004000-005FFFh) is not write-protected)
                      00054   CONFIG  WRT3 = OFF            ; Write Protection bit (Block 3 (006000-007FFFh) is not write-protected)
                      00055 
                      00056 ; CONFIG6H
                      00057   CONFIG  WRTC = OFF            ; Configuration Register Write Protection bit (Configuration registers (
                            300000-3000FFh) are not write-protected)
                      00058   CONFIG  WRTB = OFF            ; Boot Block Write Protection bit (Boot block (000000-0007FFh) is not wr
                            ite-protected)
                      00059   CONFIG  WRTD = OFF            ; Data EEPROM Write Protection bit (Data EEPROM is not write-protected)
                      00060 
                      00061 ; CONFIG7L
                      00062   CONFIG  EBTR0 = OFF           ; Table Read Protection bit (Block 0 (000800-001FFFh) is not protected f
                            rom table reads executed in other blocks)
                      00063   CONFIG  EBTR1 = OFF           ; Table Read Protection bit (Block 1 (002000-003FFFh) is not protected f
                            rom table reads executed in other blocks)
                      00064   CONFIG  EBTR2 = OFF           ; Table Read Protection bit (Block 2 (004000-005FFFh) is not protected f
                            rom table reads executed in other blocks)
                      00065   CONFIG  EBTR3 = OFF           ; Table Read Protection bit (Block 3 (006000-007FFFh) is not protected f
                            rom table reads executed in other blocks)
                      00066 
MPASM 5.77                   ULTRASONIDO.ASM   5-13-2018  15:28:19         PAGE  3


LOC  OBJECT CODE     LINE SOURCE TEXT
  VALUE

                      00067 ; CONFIG7H
                      00068   CONFIG  EBTRB = OFF           ; Boot Block Table Read Protection bit (Boot block (000000-0007FFh) is n
                            ot protected from table reads executed in other blocks)
                      00069 
                      00070 
                      00071 
                      00009 ;-------------------------------------------------------------------------------------------------------
                            ----------------------
                      00010 ;Defining Special Bits
                      00011 ;-------------------------------------------------------------------------------------------------------
                            ----------------------
  00000000            00012 CARRY           EQU     0       ;   Para la multiplicación y división
  00000000            00013 ENCENDER        EQU     0       ;   Pulsador de encendido
  00000000            00014 APAGA1          EQU     0
  00000001            00015 APAGA2          EQU     1
  00000002            00016 APAGA3          EQU     2               
  00000003            00017 APAGA4          EQU     3               
  00000004            00018 APAGA5          EQU     4               
  00000005            00019 APAGA6          EQU     5               
  00000006            00020 APAGA7          EQU     6               
  00000001            00021 SALIDA_U        EQU     1       ;   
  00000002            00022 SALIDA_H        EQU     2       ;   
  00000003            00023 SALIDA_L        EQU     3       ;   
  00000002            00024 ZERO            EQU     2       ;   
  00000004            00025 NEGATIVE        EQU     4       ;   
  00000004            00026 STATUSLED       EQU     4       ;   Para corroborar que el proceso está montad en el procesador
  00000006            00027 TRIGGER         EQU     6       ;   Señal de salida  del ULTRASONIDO
  00000007            00028 ECHO            EQU     7       ;   Señal de entrada del ULTRASONIDO
  00000007            00029 OKLED           EQU     7       ;   Led que corrobora la realización del proceso
                      00030 ;-------------------------------------------------------------------------------------------------------
                            ----------------------
                      00031 ;Defining General  Registers   (GPR)
                      00032 ;-------------------------------------------------------------------------------------------------------
                            ----------------------
                      00033     CBLOCK  0x00
  00000000            00034         CONT_L,CONT_H
  00000002            00035         DataH,DataL,Tempo
  00000005            00036         DataA4,DataA3,DataA2,DataA1
  00000009            00037         DataB4,DataB3,DataB2,DataB1
  0000000D            00038         Result4,Result3,Result2,Result1
  00000011            00039         Reminder4,Reminder3,Reminder2,Reminder1
  00000015            00040         TempoA4,TempoA3,TempoA2,TempoA1
  00000019            00041         TempoB4,TempoB3,TempoB2,TempoB1
  0000001D            00042         Constant4,Constant3,Constant2,Constant1
  00000021            00043         Counter4,Counter3,Counter2,Counter1
                      00044     ENDC
                      00045 ;-------------------------------------------------------------------------------------------------------
                            ----------------------
                      00046 
000000                00047         ORG         00
000000 EF02 F000      00048         GOTO        Start
                      00049 ;-------------------------------------------------------------------------------------------------------
                            ----------------------
MPASM 5.77                   ULTRASONIDO.ASM   5-13-2018  15:28:19         PAGE  4


LOC  OBJECT CODE     LINE SOURCE TEXT
  VALUE

                      00050 ;Main Program
                      00051 ;-------------------------------------------------------------------------------------------------------
                            ----------------------
000004                00052 Start
                      00053 
000004 EC68 F000      00054         CALL        CONFIGURATION                               ;Configuration routine
000008 6A00           00055         CLRF        CONT_L
00000A 6A01           00056         CLRF        CONT_H
00000C 8880           00057         BSF         PORTA,STATUSLED
                      00058         
00000E                00059 MAIN    ;starts main program                            ;Turn on Status led
00000E A083           00060 IN      BTFSS           PORTD,ENCENDER
000010 EF07 F000      00061         GOTO            IN
000014 B083           00062 OUT     BTFSC           PORTD,ENCENDER
000016 EF0A F000      00063         GOTO            OUT
00001A 9880           00064         BCF             PORTA,STATUSLED
00001C EC8B F000      00065         CALL            PULSO
000020 AE82           00066 B1      BTFSS           PORTC,ECHO
000022 EF10 F000      00067         GOTO            B1
000026 0EFF           00068 B2      MOVLW           B'11111111'
000028 6200           00069         CPFSEQ          CONT_L
00002A EF18 F000      00070         GOTO            B3
00002E 2A01           00071         INCF            CONT_H
000030 2A00           00072 B3      INCF            CONT_L
000032 BE82           00073         BTFSC           PORTC,ECHO
000034 EF13 F000      00074         GOTO            B2
                      00075 ;-------------------------------------------------------------------------------------------------------
                            ----------------------
                      00076 ;                                                   Cálculo del valor real
                      00077 ;-------------------------------------------------------------------------------------------------------
                            ----------------------
000038 5000           00078     MOVF        CONT_L,W
00003A 6E08           00079     MOVWF       DataA1                  ;DataA
00003C 5001           00080     MOVF        CONT_H,W
00003E 6E07           00081     MOVWF       DataA2                  ;
000040 6A06           00082     CLRF        DataA3                  ;
000042 6A05           00083     CLRF        DataA4
                      00084 
000044 0EE8           00085     MOVLW       .232
000046 6E0C           00086     MOVWF       DataB1                  ;Data B
000048 0E03           00087     MOVLW       .3
00004A 6E0B           00088     MOVWF       DataB2
00004C 6A0A           00089     CLRF        DataB3                  ;
00004E 6A09           00090     CLRF        DataB4
                      00091 
000050 ECC0 F000      00092     CALL    MULTIPLY                            ;   ---------------------    Se multiplica por 1000     
                            -----------------------
                      00093     
000054 5010           00094     MOVF        Result1,W
000056 6E08           00095     MOVWF       DataA1                  ;DataA
000058 500F           00096     MOVF        Result2,W
00005A 6E07           00097     MOVWF       DataA2                  ;
00005C 500E           00098     MOVF        Result3,W
MPASM 5.77                   ULTRASONIDO.ASM   5-13-2018  15:28:19         PAGE  5


LOC  OBJECT CODE     LINE SOURCE TEXT
  VALUE

00005E 6E06           00099     MOVWF       DataA3                  ;
000060 500D           00100     MOVF        Result4,W
000062 6E05           00101     MOVWF       DataA4
                      00102     
000064 6A10           00103     CLRF        Result1
000066 6A0F           00104     CLRF        Result2
000068 6A0E           00105     CLRF        Result3
00006A 6A0D           00106     CLRF        Result4
                      00107     
00006C 0EB9           00108     MOVLW       .185
00006E 6E0C           00109     MOVWF       DataB1                  ;Data B
000070 0E1C           00110     MOVLW       .28
000072 6E0B           00111     MOVWF       DataB2
000074 0E00           00112     MOVLW       .0
000076 6E0A           00113     MOVWF       DataB3                  ;
000078 0E00           00114     MOVLW       .0
00007A 6E09           00115     MOVWF       DataB4
                      00116 
00007C EC12 F001      00117     CALL        DIVISION                ;   ---------------------        Se Divide por 1000             
                            ----------------------
                      00118 ;-------------------------------------------------------------------------------------------------------
                            ----------------------
                      00119 ;                                                   Limpieza Vúmetro
                      00120 ;-------------------------------------------------------------------------------------------------------
                            ----------------------
000080 8E81           00121         BSF             PORTB,OKLED
000082 9081           00122         BCF             PORTB,APAGA1
000084 9281           00123         BCF             PORTB,APAGA2
000086 9481           00124         BCF             PORTB,APAGA3
000088 9681           00125         BCF             PORTB,APAGA4
00008A 9881           00126         BCF             PORTB,APAGA5
00008C 9A81           00127         BCF             PORTB,APAGA6
00008E 9C81           00128         BCF             PORTB,APAGA7
                      00129 ;-------------------------------------------------------------------------------------------------------
                            ----------------------
                      00130 ;                                                   Presentaci+on de los resultados
                      00131 ;-------------------------------------------------------------------------------------------------------
                            ----------------------
000090 A283           00132 B4      BTFSS           PORTD,SALIDA_U                  
000092 EF48 F000      00133         GOTO            B4                                                      
000096 B283           00134 B5      BTFSC           PORTD,SALIDA_U                  
000098 EF4B F000      00135         GOTO            B5
00009C C00E FF81      00136         MOVFF           Result3,PORTB
0000A0 A483           00137 B6      BTFSS           PORTD,SALIDA_H                  
0000A2 EF50 F000      00138         GOTO            B6                                                      
0000A6 B483           00139 B7      BTFSC           PORTD,SALIDA_H                  
0000A8 EF53 F000      00140         GOTO            B7
0000AC C00F FF81      00141         MOVFF           Result2,PORTB
0000B0 A683           00142 B8      BTFSS           PORTD,SALIDA_L                  
0000B2 EF58 F000      00143         GOTO            B8                                                      
0000B6 B683           00144 B9      BTFSC           PORTD,SALIDA_L
0000B8 EF5B F000      00145         GOTO            B9
0000BC C010 FF81      00146         MOVFF           Result1,PORTB
MPASM 5.77                   ULTRASONIDO.ASM   5-13-2018  15:28:19         PAGE  6


LOC  OBJECT CODE     LINE SOURCE TEXT
  VALUE

                      00147 ;-------------------------------------------------------------------------------------------------------
                            ----------------------
                      00148 ;                                                           Reseteo
                      00149 ;-------------------------------------------------------------------------------------------------------
                            ----------------------
0000C0 6A10           00150         CLRF    Result1
0000C2 6A0F           00151         CLRF    Result2
0000C4 6A0E           00152         CLRF    Result3
0000C6 6A0D           00153         CLRF    Result4
0000C8 6A00           00154         CLRF        CONT_L
0000CA 6A01           00155         CLRF        CONT_H
                      00156         
0000CC EF07 F000      00157     GOTO        MAIN                                    ;Continue
                      00158         
                      00159         
                      00160         
0000D0                00161 CONFIGURATION
                      00162 ;-------------------------------------------------------------------------------------------------------
                            ----------------------
                      00163 ;Configuring Special Registers (SFR)
                      00164 ;-------------------------------------------------------------------------------------------------------
                            ----------------------
                      00165 
                      00166 
0000D0 6A80           00167     CLRF        PORTA
0000D2 6A81           00168     CLRF        PORTB
0000D4 6A82           00169     CLRF        PORTC
0000D6 6A83           00170     CLRF        PORTD
0000D8 6A00           00171     CLRF        CONT_L
0000DA 6A01           00172     CLRF        CONT_H
0000DC 0E02           00173     MOVLW       B'00000010'                                     ;RA1 inputs,  others ouput
0000DE 6E92           00174     MOVWF       TRISA
0000E0 0E00           00175     MOVLW       B'00000000'                                     ;PORTB all outputs
0000E2 6E93           00176     MOVWF       TRISB
0000E4 0E80           00177     MOVLW       B'10000000'
0000E6 6E94           00178     MOVWF       TRISC
0000E8 0E0F           00179     MOVLW       B'00001111'
0000EA 6E95           00180     MOVWF       TRISD
0000EC 0E0F           00181     MOVLW       B'00001111'
0000EE 6EC1           00182     MOVWF       ADCON1                                          ;All digital
0000F0 0E80           00183     MOVLW       B'10000000'
0000F2 6E9B           00184     MOVWF       OSCTUNE
0000F4 0E6F           00185     MOVLW       B'01101111'                                     ;Internal clock,  4 MHz
0000F6 6ED3           00186     MOVWF       OSCCON
0000F8 0EA4           00187     MOVLW       B'10100100'
0000FA 6ECD           00188     MOVWF       T1CON
0000FC 0E3C           00189     MOVLW       .60
0000FE 6ECF           00190     MOVWF       TMR1H
000100 0EB0           00191     MOVLW       .176
000102 6ECE           00192     MOVWF       TMR1L
000104 0E01           00193     MOVLW       B'00000001'
000106 6E9D           00194     MOVWF       PIE1
000108 0E01           00195     MOVLW       B'00000001'
MPASM 5.77                   ULTRASONIDO.ASM   5-13-2018  15:28:19         PAGE  7


LOC  OBJECT CODE     LINE SOURCE TEXT
  VALUE

00010A 6E9E           00196     MOVWF       PIR1
00010C 0EC0           00197     MOVLW       B'11000000'
00010E 6EF2           00198     MOVWF       INTCON
                      00199     
                      00200     
000110 6A6D           00201     CLRF        UCON
000112 6A6F           00202     CLRF        UCFG
                      00203         
                      00204 
000114 0012           00205     RETURN
                      00206    
                      00207 ;-------------------------------------------------------------------------------------------------------
                            ----------------------
                      00208 ;Pulso
                      00209 ;-------------------------------------------------------------------------------------------------------
                            ----------------------
000116                00210 PULSO
                      00211     
                      00212     
000116 8C82           00213     BSF     PORTC,TRIGGER
                      00214     
                      00215     
000118 0000           00216     NOP     ;   1
00011A 0000           00217     NOP     ;   2
00011C 0000           00218     NOP     ;   3
00011E 0000           00219     NOP     ;   4
000120 0000           00220     NOP     ;   5
000122 0000           00221     NOP     ;   6
000124 0000           00222     NOP     ;   7
000126 0000           00223     NOP     ;   8
000128 0000           00224     NOP     ;   9
00012A 0000           00225     NOP     ;   10
00012C 0000           00226     NOP     ;   11
00012E 0000           00227     NOP     ;   12
000130 0000           00228     NOP     ;   13
000132 0000           00229     NOP     ;   14
000134 0000           00230     NOP     ;   15
000136 0000           00231     NOP     ;   16
000138 0000           00232     NOP     ;   17
00013A 0000           00233     NOP     ;   18
00013C 0000           00234     NOP     ;   19
00013E 0000           00235     NOP     ;   20
000140 0000           00236     NOP     ;   21
000142 0000           00237     NOP     ;   22
000144 0000           00238     NOP     ;   23
000146 0000           00239     NOP     ;   24
000148 0000           00240     NOP     ;   25
00014A 0000           00241     NOP     ;   26
00014C 0000           00242     NOP     ;   27
00014E 0000           00243     NOP     ;   28
000150 0000           00244     NOP     ;   29
000152 0000           00245     NOP     ;   30
000154 0000           00246     NOP     ;   31
MPASM 5.77                   ULTRASONIDO.ASM   5-13-2018  15:28:19         PAGE  8


LOC  OBJECT CODE     LINE SOURCE TEXT
  VALUE

000156 0000           00247     NOP     ;   32
000158 0000           00248     NOP     ;   33
00015A 0000           00249     NOP     ;   34
00015C 0000           00250     NOP     ;   35
00015E 0000           00251     NOP     ;   36
000160 0000           00252     NOP     ;   37
000162 0000           00253     NOP     ;   38
000164 0000           00254     NOP     ;   39
000166 0000           00255     NOP     ;   40
000168 0000           00256     NOP     ;   1
00016A 0000           00257     NOP     ;   2
00016C 0000           00258     NOP     ;   3
00016E 0000           00259     NOP     ;   4
000170 0000           00260     NOP     ;   5
000172 0000           00261     NOP     ;   6
000174 0000           00262     NOP     ;   7
000176 0000           00263     NOP     ;   8
000178 0000           00264     NOP     ;   9
00017A 0000           00265     NOP     ;   10
                      00266     
                      00267     
00017C 9C82           00268     BCF     PORTC,TRIGGER
                      00269     
                      00270     
                      00271     
00017E 0012           00272     RETURN
                      00273     
                      00274 ;-------------------------------------------------------------------------------------------------------
                            ----------------------
                      00275 ;Contador LOW
                      00276 ;-------------------------------------------------------------------------------------------------------
                            ----------------------
                      00277     
                      00278 ;-------------------------------------------------------------------------------------------------------
                            ----------------------
                      00279 ;Contador HIGH
                      00280 ;-------------------------------------------------------------------------------------------------------
                            ----------------------
                      00281 
                      00282 
                      00283 ;--------------------------------------------------------------------------------------------
                      00284 ;Double Precision Multiply
                      00285 ;
                      00286 ;   Multiplication  : DataA(16 bits)  x  DataB(16 bits) -> Result(32 bits)
                      00287 ;                          DataA : 4 Bytes     DataB : 4 Bytes
                      00288 ;--------------------------------------------------------------------------------------------
000180                00289 MULTIPLY
000180 C005 F01D      00290         MOVFF           DataA4,Constant4                                ;Store the constant value to add
000184 C006 F01E      00291         MOVFF           DataA3,Constant3
000188 C007 F01F      00292         MOVFF           DataA2,Constant2                                ;Store the constant value to add
00018C C008 F020      00293         MOVFF           DataA1,Constant1
000190 C009 F021      00294         MOVFF           DataB4,Counter4
000194 C00A F022      00295         MOVFF           DataB3,Counter3
MPASM 5.77                   ULTRASONIDO.ASM   5-13-2018  15:28:19         PAGE  9


LOC  OBJECT CODE     LINE SOURCE TEXT
  VALUE

000198 C00B F023      00296         MOVFF           DataB2,Counter2
00019C C00C F024      00297         MOVFF           DataB1,Counter1
0001A0 C005 F00D      00298         MOVFF           DataA4,Result4
0001A4 C006 F00E      00299         MOVFF           DataA3,Result3
0001A8 C007 F00F      00300         MOVFF           DataA2,Result2
0001AC C008 F010      00301         MOVFF           DataA1,Result1
0001B0 C021 F005      00302 A7      MOVFF           Counter4,DataA4                                 ;Move Counter to DataA
0001B4 C022 F006      00303         MOVFF           Counter3,DataA3
0001B8 C023 F007      00304         MOVFF           Counter2,DataA2                                 ;Move Counter to DataA
0001BC C024 F008      00305         MOVFF           Counter1,DataA1
0001C0 6A09           00306         CLRF            DataB4                                                  ;-----------------------
                            ------
0001C2 6A0A           00307         CLRF            DataB3
0001C4 6A0B           00308         CLRF            DataB2
0001C6 0E01           00309         MOVLW           .1                                                              ;Decrement by 1 
                            the counter
0001C8 6E0C           00310         MOVWF           DataB1                                                  ;-----------------------
                            ------
0001CA EC43 F001      00311         CALL            SUBTRACTION
0001CE C005 F021      00312         MOVFF           DataA4,Counter4                         ;
0001D2 C006 F022      00313         MOVFF           DataA3,Counter3                                 ;Store data in Counter
0001D6 C007 F023      00314         MOVFF           DataA2,Counter2                         ;
0001DA C008 F024      00315         MOVFF           DataA1,Counter1                                 ;Store data in Counter
0001DE 0E00           00316         MOVLW       .0                                                          ;-----------------------
                            --------
0001E0 6221           00317         CPFSEQ      Counter4
0001E2 EFFD F000      00318         GOTO            A8
0001E6 6222           00319         CPFSEQ          Counter3
0001E8 EFFD F000      00320         GOTO            A8
0001EC 6223           00321         CPFSEQ          Counter2                                                ;
0001EE EFFD F000      00322         GOTO            A8                                                              ;Check if Counte
                            r is Zero
0001F2 6224           00323         CPFSEQ      Counter1                                            ;
0001F4 EFFD F000      00324         GOTO            A8                                                              ;---------------
                            ----------------
0001F8 0012           00325         RETURN
0001FA C00D F005      00326 A8      MOVFF           Result4,DataA4                                  ;Result is the progressive sum
0001FE C00E F006      00327         MOVFF           Result3,DataA3
000202 C00F F007      00328         MOVFF           Result2,DataA2                                  ;Result is the progressive sum
000206 C010 F008      00329         MOVFF           Result1,DataA1
00020A C01D F009      00330         MOVFF           Constant4,DataB4
00020E C01E F00A      00331         MOVFF           Constant3,DataB3
000212 C01F F00B      00332         MOVFF           Constant2,DataB2
000216 C020 F00C      00333         MOVFF           Constant1,DataB1
00021A EC36 F001      00334         CALL            ADD
00021E EFD8 F000      00335         GOTO            A7
000222 0012           00336         RETURN
                      00337 
                      00338 ;--------------------------------------------------------------------------------------------
                      00339 ;Double Precision Division
                      00340 ;
                      00341 ;   Division : DataA(32 bits) / DataB(32 bits) -> Result(32 bits) with
                      00342 ;                                               Remainder in Reminder(32 bits)
MPASM 5.77                   ULTRASONIDO.ASM   5-13-2018  15:28:19         PAGE 10


LOC  OBJECT CODE     LINE SOURCE TEXT
  VALUE

                      00343 ;--------------------------------------------------------------------------------------------
000224                00344 DIVISION
000224 6A0D           00345         CLRF            Result4                                         ;Result 16 bits
000226 6A0E           00346         CLRF            Result3
000228 6A0F           00347         CLRF            Result2                                         ;Result 16 bits
00022A 6A10           00348         CLRF            Result1
00022C 6A11           00349         CLRF            Reminder4                                       ;Reminder 16 bits
00022E 6A12           00350         CLRF            Reminder3
000230 6A13           00351         CLRF            Reminder2                                       ;Reminder 16 bits
000232 6A14           00352         CLRF            Reminder1
000234 EC43 F001      00353 A5      CALL            SUBTRACTION
000238 A8D8           00354         BTFSS           STATUS,NEGATIVE                         ;Check if result is negative
00023A EF21 F001      00355         GOTO            A6                                                      ;No,  then continue
00023E A0D8           00356         BTFSS           STATUS,CARRY
000240 0012           00357         RETURN                                                                  ;Yes,  then finish divis
                            ion
000242 EC52 F001      00358 A6      CALL            TEMPO_STORE                                     ;Store data
000246 0E01           00359         MOVLW       .1                                                  ;-----------------------------
000248 6E08           00360         MOVWF       DataA1                                              ;
00024A 6A07           00361         CLRF            DataA2                                          ;Increment quotient by 1
00024C 6A06           00362         CLRF            DataA3
00024E 6A05           00363         CLRF            DataA4
000250 C010 F00C      00364         MOVFF           Result1,DataB1                          ;
000254 C00F F00B      00365         MOVFF           Result2,DataB2                          ;
000258 C00E F00A      00366         MOVFF           Result3,DataB3                          ;
00025C C00D F009      00367         MOVFF           Result4,DataB4
000260 EC36 F001      00368         CALL            ADD                                                     ;-----------------------
                            ------
000264 EC63 F001      00369         CALL            TEMPO_RECOVERY                          ;Recover data
000268 EF1A F001      00370         GOTO            A5      
                      00371         
                      00372 ;--------------------------------------------------------------------------------------------
                      00373 ;Double Precision Addition
                      00374 ;
                      00375 ;   Addition :  DataA(32 bits) + DataB(32 bits) -> Result(32 bits)
                      00376 ;--------------------------------------------------------------------------------------------
00026C                00377 ADD
00026C 5008           00378         MOVF            DataA1,W
00026E 240C           00379         ADDWF           DataB1,0                        ;ADDWF LSB
000270 6E10           00380         MOVWF       Result1
                      00381 
000272 5007           00382         MOVF            DataA2,W
000274 200B           00383         ADDWFC      DataB2,0                    ;ADDWF MSB WITH CARRY
000276 6E0F           00384         MOVWF       Result2
                      00385 
000278 5006           00386         MOVF            DataA3,W
00027A 200A           00387         ADDWFC      DataB3,0                    ;ADDWF MSB WITH CARRY
00027C 6E0E           00388         MOVWF       Result3
                      00389 
00027E 5005           00390         MOVF            DataA4,W
000280 2009           00391         ADDWFC      DataB4,0                    ;ADDWF MSB WITH CARRY
000282 6E0D           00392         MOVWF       Result4
                      00393 
MPASM 5.77                   ULTRASONIDO.ASM   5-13-2018  15:28:19         PAGE 11


LOC  OBJECT CODE     LINE SOURCE TEXT
  VALUE

000284 0012           00394         RETURN
                      00395 ;--------------------------------------------------------------------------------------------
                      00396 
                      00397 ;--------------------------------------------------------------------------------------------
                      00398 ;Double Precision Subtraction
                      00399 ;
                      00400 ;   Subtraction : DataA(32 bits) - DataB(32 bits) -> DataA(32 bits)
                      00401 ;--------------------------------------------------------------------------------------------
000286                00402 SUBTRACTION
000286 500C           00403         MOVF            DataB1,W
000288 5E08           00404         SUBWF           DataA1
00028A 500B           00405         MOVF            DataB2,W
00028C A0D8           00406         BTFSS           STATUS,CARRY
00028E 3C0B           00407         INCFSZ          DataB2,W
000290 5E07           00408         SUBWF           DataA2
                      00409 
000292 500A           00410         MOVF            DataB3,W
000294 A0D8           00411         BTFSS           STATUS,CARRY
000296 3C0A           00412         INCFSZ          DataB3,W
000298 5E06           00413         SUBWF           DataA3
                      00414 
00029A 5009           00415         MOVF            DataB4,W
00029C A0D8           00416         BTFSS           STATUS,CARRY
00029E 3C09           00417         INCFSZ          DataB4,W
0002A0 5E05           00418         SUBWF           DataA4
                      00419 
0002A2 0012           00420         RETURN
                      00421         
                      00422 ;--------------------------------------------------------------------------------------------
                      00423 ;Store and Recovery Data Routine (Temporary store)
                      00424 ;--------------------------------------------------------------------------------------------
0002A4                00425 TEMPO_STORE
0002A4 C005 F015      00426         MOVFF           DataA4,TempoA4
0002A8 C006 F016      00427         MOVFF           DataA3,TempoA3
0002AC C007 F017      00428         MOVFF           DataA2,TempoA2
0002B0 C008 F018      00429         MOVFF           DataA1,TempoA1
                      00430 
0002B4 C009 F019      00431         MOVFF           DataB4,TempoB4
0002B8 C00A F01A      00432         MOVFF           DataB3,TempoB3
0002BC C00B F01B      00433         MOVFF           DataB2,TempoB2
0002C0 C00C F01C      00434         MOVFF           DataB1,TempoB1
0002C4 0012           00435         RETURN
                      00436         
0002C6                00437 TEMPO_RECOVERY
0002C6 C015 F005      00438         MOVFF           TempoA4,DataA4
0002CA C016 F006      00439         MOVFF           TempoA3,DataA3
0002CE C017 F007      00440         MOVFF           TempoA2,DataA2
0002D2 C018 F008      00441         MOVFF           TempoA1,DataA1
                      00442 
0002D6 C019 F009      00443         MOVFF           TempoB4,DataB4
0002DA C01A F00A      00444         MOVFF           TempoB3,DataB3
0002DE C01B F00B      00445         MOVFF           TempoB2,DataB2
0002E2 C01C F00C      00446         MOVFF           TempoB1,DataB1
MPASM 5.77                   ULTRASONIDO.ASM   5-13-2018  15:28:19         PAGE 12


LOC  OBJECT CODE     LINE SOURCE TEXT
  VALUE

0002E6 0012           00447         RETURN
                      00448         
                      00449         
                      00450         END
MPASM 5.77                   ULTRASONIDO.ASM   5-13-2018  15:28:19         PAGE 13


SYMBOL TABLE
  LABEL                             VALUE 

A                                 00000000
A5                                00000234
A6                                00000242
A7                                000001B0
A8                                000001FA
ABDEN                             00000000
ABDOVF                            00000007
ACCESS                            00000000
ACKDT                             00000005
ACKEN                             00000004
ACKSTAT                           00000006
ACQT0                             00000003
ACQT1                             00000004
ACQT2                             00000005
ACTVIE                            00000002
ACTVIF                            00000002
ADCON0                            00000FC2
ADCON1                            00000FC1
ADCON2                            00000FC0
ADCS0                             00000000
ADCS1                             00000001
ADCS2                             00000002
ADD                               0000026C
ADDEN                             00000003
ADDR0                             00000000
ADDR1                             00000001
ADDR2                             00000002
ADDR3                             00000003
ADDR4                             00000004
ADDR5                             00000005
ADDR6                             00000006
ADEN                              00000003
ADFM                              00000007
ADIE                              00000006
ADIF                              00000006
ADIP                              00000006
ADON                              00000000
ADRES                             00000FC3
ADRESH                            00000FC4
ADRESL                            00000FC3
AN0                               00000000
AN1                               00000001
AN2                               00000002
AN3                               00000003
AN4                               00000005
APAGA1                            00000000
APAGA2                            00000001
APAGA3                            00000002
APAGA4                            00000003
APAGA5                            00000004
APAGA6                            00000005
APAGA7                            00000006
B1                                00000020
MPASM 5.77                   ULTRASONIDO.ASM   5-13-2018  15:28:19         PAGE 14


SYMBOL TABLE
  LABEL                             VALUE 

B2                                00000026
B3                                00000030
B4                                00000090
B5                                00000096
B6                                000000A0
B7                                000000A6
B8                                000000B0
B9                                000000B6
BANKED                            00000001
BAUDCON                           00000FB8
BAUDCTL                           00000FB8
BCLIE                             00000003
BCLIF                             00000003
BCLIP                             00000003
BF                                00000000
BGST                              00000005
BOR                               00000000
BRG16                             00000003
BRGH                              00000002
BSR                               00000FE0
BTOEE                             00000004
BTOEF                             00000004
BTSEE                             00000007
BTSEF                             00000007
C                                 00000000
C1INV                             00000004
C1OUT                             00000006
C2INV                             00000005
C2OUT                             00000007
CARRY                             00000000
CCP1                              00000002
CCP1AS                            00000FB6
CCP1CON                           00000FBD
CCP1DEL                           00000FB7
CCP1IE                            00000002
CCP1IF                            00000002
CCP1IP                            00000002
CCP1M0                            00000000
CCP1M1                            00000001
CCP1M2                            00000002
CCP1M3                            00000003
CCP2CON                           00000FBA
CCP2IE                            00000000
CCP2IF                            00000000
CCP2IP                            00000000
CCP2M0                            00000000
CCP2M1                            00000001
CCP2M2                            00000002
CCP2M3                            00000003
CCPR1                             00000FBE
CCPR1H                            00000FBF
CCPR1L                            00000FBE
CCPR2                             00000FBB
MPASM 5.77                   ULTRASONIDO.ASM   5-13-2018  15:28:19         PAGE 15


SYMBOL TABLE
  LABEL                             VALUE 

CCPR2H                            00000FBC
CCPR2L                            00000FBB
CFGS                              00000006
CHS0                              00000002
CHS1                              00000003
CHS2                              00000004
CHS3                              00000005
CIS                               00000003
CK                                00000006
CK1SPP                            00000000
CK2SPP                            00000001
CKE                               00000006
CKP                               00000004
CLK1EN                            00000004
CLKCFG0                           00000006
CLKCFG1                           00000007
CM0                               00000000
CM1                               00000001
CM2                               00000002
CMCON                             00000FB4
CMIE                              00000006
CMIF                              00000006
CMIP                              00000006
CONFIGURATION                     000000D0
CONT_H                            00000001
CONT_L                            00000000
CRC16EE                           00000002
CRC16EF                           00000002
CRC5EE                            00000001
CRC5EF                            00000001
CREN                              00000004
CSEN                              00000005
CSRC                              00000007
CVR0                              00000000
CVR1                              00000001
CVR2                              00000002
CVR3                              00000003
CVRCON                            00000FB5
CVREF                             00000004
CVREN                             00000007
CVROE                             00000006
CVRR                              00000005
CVRSS                             00000004
Constant1                         00000020
Constant2                         0000001F
Constant3                         0000001E
Constant4                         0000001D
Counter1                          00000024
Counter2                          00000023
Counter3                          00000022
Counter4                          00000021
D                                 00000005
DATA_ADDRESS                      00000005
MPASM 5.77                   ULTRASONIDO.ASM   5-13-2018  15:28:19         PAGE 16


SYMBOL TABLE
  LABEL                             VALUE 

DC                                00000001
DC1B0                             00000004
DC1B1                             00000005
DC2B0                             00000004
DC2B1                             00000005
DDRA                              TRISA
DDRB                              TRISB
DDRC                              TRISC
DDRD                              TRISD
DDRE                              TRISE
DFN8EE                            00000003
DFN8EF                            00000003
DIR                               00000002
DIVISION                          00000224
DONE                              00000001
D_A                               00000005
D_NOT_A                           00000005
DataA1                            00000008
DataA2                            00000007
DataA3                            00000006
DataA4                            00000005
DataB1                            0000000C
DataB2                            0000000B
DataB3                            0000000A
DataB4                            00000009
DataH                             00000002
DataL                             00000003
ECCP1AS                           00000FB6
ECCP1CON                          00000FBD
ECCP1DEL                          00000FB7
ECCPAS0                           00000004
ECCPAS1                           00000005
ECCPAS2                           00000006
ECCPASE                           00000007
ECHO                              00000007
EEADR                             00000FA9
EECON1                            00000FA6
EECON2                            00000FA7
EEDATA                            00000FA8
EEIE                              00000004
EEIF                              00000004
EEIP                              00000004
EEPGD                             00000007
ENCENDER                          00000000
ENDP0                             00000003
ENDP1                             00000004
ENDP2                             00000005
ENDP3                             00000006
EPCONDIS                          00000003
EPHSHK                            00000004
EPINEN                            00000001
EPOUTEN                           00000002
EPSTALL                           00000000
MPASM 5.77                   ULTRASONIDO.ASM   5-13-2018  15:28:19         PAGE 17


SYMBOL TABLE
  LABEL                             VALUE 

FAST                              00000001
FERR                              00000002
FLTS                              00000002
FREE                              00000004
FRM0                              00000000
FRM1                              00000001
FRM10                             00000002
FRM2                              00000002
FRM3                              00000003
FRM4                              00000004
FRM5                              00000005
FRM6                              00000006
FRM7                              00000007
FRM8                              00000000
FRM9                              00000001
FSEN                              00000002
FSR0                              00000000
FSR0H                             00000FEA
FSR0L                             00000FE9
FSR1                              00000001
FSR1H                             00000FE2
FSR1L                             00000FE1
FSR2                              00000002
FSR2H                             00000FDA
FSR2L                             00000FD9
GCEN                              00000007
GIE                               00000007
GIEH                              00000007
GIEL                              00000006
GIE_GIEH                          00000007
GO                                00000001
GO_DONE                           00000001
GO_NOT_DONE                       00000001
HLVDCON                           00000FD2
HLVDEN                            00000004
HLVDIE                            00000002
HLVDIF                            00000002
HLVDIN                            00000005
HLVDIP                            00000002
HLVDL0                            00000000
HLVDL1                            00000001
HLVDL2                            00000002
HLVDL3                            00000003
I2C_DAT                           00000005
I2C_READ                          00000002
I2C_START                         00000003
I2C_STOP                          00000004
IDLEIE                            00000004
IDLEIF                            00000004
IDLEN                             00000007
IN                                0000000E
INDF0                             00000FEF
INDF1                             00000FE7
MPASM 5.77                   ULTRASONIDO.ASM   5-13-2018  15:28:19         PAGE 18


SYMBOL TABLE
  LABEL                             VALUE 

INDF2                             00000FDF
INT0                              00000000
INT0E                             00000004
INT0F                             00000001
INT0IE                            00000004
INT0IF                            00000001
INT1                              00000001
INT1E                             00000003
INT1F                             00000000
INT1IE                            00000003
INT1IF                            00000000
INT1IP                            00000006
INT1P                             00000006
INT2                              00000002
INT2E                             00000004
INT2F                             00000001
INT2IE                            00000004
INT2IF                            00000001
INT2IP                            00000007
INT2P                             00000007
INTCON                            00000FF2
INTCON2                           00000FF1
INTCON3                           00000FF0
INTEDG0                           00000006
INTEDG1                           00000005
INTEDG2                           00000004
INTSRC                            00000007
IOFS                              00000002
IPEN                              00000007
IPR1                              00000F9F
IPR2                              00000FA2
IRCF0                             00000004
IRCF1                             00000005
IRCF2                             00000006
IRVST                             00000005
IVRST                             00000005
LATA                              00000F89
LATA0                             00000000
LATA1                             00000001
LATA2                             00000002
LATA3                             00000003
LATA4                             00000004
LATA5                             00000005
LATA6                             00000006
LATB                              00000F8A
LATB0                             00000000
LATB1                             00000001
LATB2                             00000002
LATB3                             00000003
LATB4                             00000004
LATB5                             00000005
LATB6                             00000006
LATB7                             00000007
MPASM 5.77                   ULTRASONIDO.ASM   5-13-2018  15:28:19         PAGE 19


SYMBOL TABLE
  LABEL                             VALUE 

LATC                              00000F8B
LATC0                             00000000
LATC1                             00000001
LATC2                             00000002
LATC6                             00000006
LATC7                             00000007
LATD                              00000F8C
LATD0                             00000000
LATD1                             00000001
LATD2                             00000002
LATD3                             00000003
LATD4                             00000004
LATD5                             00000005
LATD6                             00000006
LATD7                             00000007
LATE                              00000F8D
LATE0                             00000000
LATE1                             00000001
LATE2                             00000002
LVDCON                            00000FD2
LVDEN                             00000004
LVDIE                             00000002
LVDIF                             00000002
LVDIN                             00000005
LVDIP                             00000002
LVDL0                             00000000
LVDL1                             00000001
LVDL2                             00000002
LVDL3                             00000003
LVV0                              00000000
LVV1                              00000001
LVV2                              00000002
LVV3                              00000003
MAIN                              0000000E
MULTIPLY                          00000180
N                                 00000004
NEGATIVE                          00000004
NOT_A                             00000005
NOT_ADDRESS                       00000005
NOT_BOR                           00000000
NOT_DONE                          00000001
NOT_IPEN                          00000007
NOT_PD                            00000002
NOT_POR                           00000001
NOT_RBPU                          00000007
NOT_RI                            00000004
NOT_T1SYNC                        00000002
NOT_T3SYNC                        00000002
NOT_TO                            00000003
NOT_W                             00000002
NOT_WRITE                         00000002
OERR                              00000001
OESPP                             00000002
MPASM 5.77                   ULTRASONIDO.ASM   5-13-2018  15:28:19         PAGE 20


SYMBOL TABLE
  LABEL                             VALUE 

OKLED                             00000007
OSC2                              00000006
OSCCON                            00000FD3
OSCFIE                            00000007
OSCFIF                            00000007
OSCFIP                            00000007
OSCTUNE                           00000F9B
OSTS                              00000003
OUT                               00000014
OV                                00000003
P                                 00000004
P1A                               00000002
P1M0                              00000006
P1M1                              00000007
PC                                00000FF9
PCFG0                             00000000
PCFG1                             00000001
PCFG2                             00000002
PCFG3                             00000003
PCL                               00000FF9
PCLATH                            00000FFA
PCLATU                            00000FFB
PD                                00000002
PDC0                              00000000
PDC1                              00000001
PDC2                              00000002
PDC3                              00000003
PDC4                              00000004
PDC5                              00000005
PDC6                              00000006
PEIE                              00000006
PEIE_GIEL                         00000006
PEN                               00000002
PGC                               00000006
PGD                               00000007
PGM                               00000005
PIDEE                             00000000
PIDEF                             00000000
PIE1                              00000F9D
PIE2                              00000FA0
PIR1                              00000F9E
PIR2                              00000FA1
PKTDIS                            00000004
PLUSW0                            00000FEB
PLUSW1                            00000FE3
PLUSW2                            00000FDB
POR                               00000001
PORTA                             00000F80
PORTB                             00000F81
PORTC                             00000F82
PORTD                             00000F83
PORTE                             00000F84
POSTDEC0                          00000FED
MPASM 5.77                   ULTRASONIDO.ASM   5-13-2018  15:28:19         PAGE 21


SYMBOL TABLE
  LABEL                             VALUE 

POSTDEC1                          00000FE5
POSTDEC2                          00000FDD
POSTINC0                          00000FEE
POSTINC1                          00000FE6
POSTINC2                          00000FDE
PPB0                              00000000
PPB1                              00000001
PPBI                              00000001
PPBRST                            00000006
PR2                               00000FCB
PREINC0                           00000FEC
PREINC1                           00000FE4
PREINC2                           00000FDC
PROD                              00000FF3
PRODH                             00000FF4
PRODL                             00000FF3
PRSEN                             00000007
PSA                               00000003
PSSAC0                            00000002
PSSAC1                            00000003
PSSBD0                            00000000
PSSBD1                            00000001
PULSO                             00000116
R                                 00000002
RA0                               00000000
RA1                               00000001
RA2                               00000002
RA3                               00000003
RA4                               00000004
RA5                               00000005
RA6                               00000006
RB0                               00000000
RB1                               00000001
RB2                               00000002
RB3                               00000003
RB4                               00000004
RB5                               00000005
RB6                               00000006
RB7                               00000007
RBIE                              00000003
RBIF                              00000000
RBIP                              00000000
RBPU                              00000007
RC0                               00000000
RC1                               00000001
RC2                               00000002
RC4                               00000004
RC5                               00000005
RC6                               00000006
RC7                               00000007
RCEN                              00000003
RCIDL                             00000006
RCIE                              00000005
MPASM 5.77                   ULTRASONIDO.ASM   5-13-2018  15:28:19         PAGE 22


SYMBOL TABLE
  LABEL                             VALUE 

RCIF                              00000005
RCIP                              00000005
RCMT                              00000006
RCON                              00000FD0
RCREG                             00000FAE
RCSTA                             00000FAB
RD                                00000000
RD0                               00000000
RD1                               00000001
RD16                              00000007
RD2                               00000002
RD3                               00000003
RD4                               00000004
RD5                               00000005
RD6                               00000006
RD7                               00000007
RDPU                              00000007
RDSPP                             00000007
RE0                               00000000
RE1                               00000001
RE2                               00000002
RE3                               00000003
READ_WRITE                        00000002
RESUME                            00000002
RI                                00000004
RSEN                              00000001
RX                                00000007
RX9                               00000006
RX9D                              00000000
RXDTP                             00000005
R_NOT_W                           00000002
R_W                               00000002
Reminder1                         00000014
Reminder2                         00000013
Reminder3                         00000012
Reminder4                         00000011
Result1                           00000010
Result2                           0000000F
Result3                           0000000E
Result4                           0000000D
S                                 00000003
SALIDA_H                          00000002
SALIDA_L                          00000003
SALIDA_U                          00000001
SBOREN                            00000006
SCKP                              00000004
SCS0                              00000000
SCS1                              00000001
SE0                               00000005
SEN                               00000000
SENDB                             00000003
SMP                               00000007
SOFIE                             00000006
MPASM 5.77                   ULTRASONIDO.ASM   5-13-2018  15:28:19         PAGE 23


SYMBOL TABLE
  LABEL                             VALUE 

SOFIF                             00000006
SPBRG                             00000FAF
SPBRGH                            00000FB0
SPEN                              00000007
SPP0                              00000000
SPP1                              00000001
SPP2                              00000002
SPP3                              00000003
SPP4                              00000004
SPP5                              00000005
SPP6                              00000006
SPP7                              00000007
SPPBUSY                           00000004
SPPCFG                            00000F63
SPPCON                            00000F65
SPPDATA                           00000F62
SPPEN                             00000000
SPPEPS                            00000F64
SPPIE                             00000007
SPPIF                             00000007
SPPIP                             00000007
SPPOWN                            00000001
SREN                              00000005
SSPADD                            00000FC8
SSPBUF                            00000FC9
SSPCON1                           00000FC6
SSPCON2                           00000FC5
SSPEN                             00000005
SSPIE                             00000003
SSPIF                             00000003
SSPIP                             00000003
SSPM0                             00000000
SSPM1                             00000001
SSPM2                             00000002
SSPM3                             00000003
SSPOV                             00000006
SSPSTAT                           00000FC7
STALLIE                           00000005
STALLIF                           00000005
STATUS                            00000FD8
STATUSLED                         00000004
STKFUL                            00000007
STKOVF                            00000007
STKPTR                            00000FFC
STKPTR0                           00000000
STKPTR1                           00000001
STKPTR2                           00000002
STKPTR3                           00000003
STKPTR4                           00000004
STKUNF                            00000006
SUBTRACTION                       00000286
SUSPND                            00000001
SWDTE                             00000000
MPASM 5.77                   ULTRASONIDO.ASM   5-13-2018  15:28:19         PAGE 24


SYMBOL TABLE
  LABEL                             VALUE 

SWDTEN                            00000000
SYNC                              00000004
Start                             00000004
T08BIT                            00000006
T0CKI                             00000004
T0CON                             00000FD5
T0CS                              00000005
T0IE                              00000005
T0IF                              00000002
T0IP                              00000002
T0PS0                             00000000
T0PS1                             00000001
T0PS2                             00000002
T0SE                              00000004
T13CKI                            00000000
T1CKPS0                           00000004
T1CKPS1                           00000005
T1CON                             00000FCD
T1OSCEN                           00000003
T1OSI                             00000001
T1OSO                             00000000
T1RUN                             00000006
T1SYNC                            00000002
T2CKPS0                           00000000
T2CKPS1                           00000001
T2CON                             00000FCA
T2OUTPS0                          00000003
T2OUTPS1                          00000004
T2OUTPS2                          00000005
T2OUTPS3                          00000006
T3CCP1                            00000003
T3CCP2                            00000006
T3CKPS0                           00000004
T3CKPS1                           00000005
T3CON                             00000FB1
T3NSYNC                           00000002
T3SYNC                            00000002
TABLAT                            00000FF5
TBLPTR                            00000FF6
TBLPTRH                           00000FF7
TBLPTRL                           00000FF6
TBLPTRU                           00000FF8
TEMPO_RECOVERY                    000002C6
TEMPO_STORE                       000002A4
TMR0                              00000FD6
TMR0H                             00000FD7
TMR0IE                            00000005
TMR0IF                            00000002
TMR0IP                            00000002
TMR0L                             00000FD6
TMR0ON                            00000007
TMR1                              00000FCE
TMR1CS                            00000001
MPASM 5.77                   ULTRASONIDO.ASM   5-13-2018  15:28:19         PAGE 25


SYMBOL TABLE
  LABEL                             VALUE 

TMR1H                             00000FCF
TMR1IE                            00000000
TMR1IF                            00000000
TMR1IP                            00000000
TMR1L                             00000FCE
TMR1ON                            00000000
TMR2                              00000FCC
TMR2IE                            00000001
TMR2IF                            00000001
TMR2IP                            00000001
TMR2ON                            00000002
TMR3                              00000FB2
TMR3CS                            00000001
TMR3H                             00000FB3
TMR3IE                            00000001
TMR3IF                            00000001
TMR3IP                            00000001
TMR3L                             00000FB2
TMR3ON                            00000000
TO                                00000003
TOS                               00000FFD
TOSH                              00000FFE
TOSL                              00000FFD
TOSU                              00000FFF
TOUTPS0                           00000003
TOUTPS1                           00000004
TOUTPS2                           00000005
TOUTPS3                           00000006
TRIGGER                           00000006
TRISA                             00000F92
TRISA0                            00000000
TRISA1                            00000001
TRISA2                            00000002
TRISA3                            00000003
TRISA4                            00000004
TRISA5                            00000005
TRISA6                            00000006
TRISB                             00000F93
TRISB0                            00000000
TRISB1                            00000001
TRISB2                            00000002
TRISB3                            00000003
TRISB4                            00000004
TRISB5                            00000005
TRISB6                            00000006
TRISB7                            00000007
TRISC                             00000F94
TRISC0                            00000000
TRISC1                            00000001
TRISC2                            00000002
TRISC6                            00000006
TRISC7                            00000007
TRISD                             00000F95
MPASM 5.77                   ULTRASONIDO.ASM   5-13-2018  15:28:19         PAGE 26


SYMBOL TABLE
  LABEL                             VALUE 

TRISD0                            00000000
TRISD1                            00000001
TRISD2                            00000002
TRISD3                            00000003
TRISD4                            00000004
TRISD5                            00000005
TRISD6                            00000006
TRISD7                            00000007
TRISE                             00000F96
TRISE0                            00000000
TRISE1                            00000001
TRISE2                            00000002
TRMT                              00000001
TRNIE                             00000003
TRNIF                             00000003
TUN0                              00000000
TUN1                              00000001
TUN2                              00000002
TUN3                              00000003
TUN4                              00000004
TX                                00000006
TX9                               00000006
TX9D                              00000000
TXCKP                             00000004
TXEN                              00000005
TXIE                              00000004
TXIF                              00000004
TXIP                              00000004
TXREG                             00000FAD
TXSTA                             00000FAC
Tempo                             00000004
TempoA1                           00000018
TempoA2                           00000017
TempoA3                           00000016
TempoA4                           00000015
TempoB1                           0000001C
TempoB2                           0000001B
TempoB3                           0000001A
TempoB4                           00000019
UA                                00000001
UADDR                             00000F6E
UCFG                              00000F6F
UCON                              00000F6D
UEIE                              00000F6B
UEIR                              00000F6A
UEP0                              00000F70
UEP1                              00000F71
UEP10                             00000F7A
UEP11                             00000F7B
UEP12                             00000F7C
UEP13                             00000F7D
UEP14                             00000F7E
UEP15                             00000F7F
MPASM 5.77                   ULTRASONIDO.ASM   5-13-2018  15:28:19         PAGE 27


SYMBOL TABLE
  LABEL                             VALUE 

UEP2                              00000F72
UEP3                              00000F73
UEP4                              00000F74
UEP5                              00000F75
UEP6                              00000F76
UEP7                              00000F77
UEP8                              00000F78
UEP9                              00000F79
UERRIE                            00000001
UERRIF                            00000001
UFRM                              00000F66
UFRMH                             00000F67
UFRML                             00000F66
UIE                               00000F69
UIR                               00000F68
UOEMON                            00000006
UPUEN                             00000004
URSTIE                            00000000
URSTIF                            00000000
USBEN                             00000003
USBIE                             00000005
USBIF                             00000005
USBIP                             00000005
USTAT                             00000F6C
UTEYE                             00000007
UTRDIS                            00000003
VCFG0                             00000004
VCFG1                             00000005
VDIRMAG                           00000007
VREFM                             00000002
VREFP                             00000003
W                                 00000000
WCOL                              00000007
WDTCON                            00000FD1
WR                                00000001
WREG                              00000FE8
WREN                              00000002
WRERR                             00000003
WRSPP                             00000006
WS0                               00000000
WS1                               00000001
WS2                               00000002
WS3                               00000003
WUE                               00000001
Z                                 00000002
ZERO                              00000002
_BORV_0_2L                        000000E7
_BORV_1_2L                        000000EF
_BORV_2_2L                        000000F7
_BORV_3_2L                        000000FF
_BOR_OFF_2L                       000000F9
_BOR_ON_2L                        000000FF
_BOR_ON_ACTIVE_2L                 000000FD
MPASM 5.77                   ULTRASONIDO.ASM   5-13-2018  15:28:19         PAGE 28


SYMBOL TABLE
  LABEL                             VALUE 

_BOR_SOFT_2L                      000000FB
_CCP2MX_OFF_3H                    000000FE
_CCP2MX_ON_3H                     000000FF
_CONFIG1H                         00300001
_CONFIG1L                         00300000
_CONFIG2H                         00300003
_CONFIG2L                         00300002
_CONFIG3H                         00300005
_CONFIG4L                         00300006
_CONFIG5H                         00300009
_CONFIG5L                         00300008
_CONFIG6H                         0030000B
_CONFIG6L                         0030000A
_CONFIG7H                         0030000D
_CONFIG7L                         0030000C
_CP0_OFF_5L                       000000FF
_CP0_ON_5L                        000000FE
_CP1_OFF_5L                       000000FF
_CP1_ON_5L                        000000FD
_CP2_OFF_5L                       000000FF
_CP2_ON_5L                        000000FB
_CP3_OFF_5L                       000000FF
_CP3_ON_5L                        000000F7
_CPB_OFF_5H                       000000FF
_CPB_ON_5H                        000000BF
_CPD_OFF_5H                       000000FF
_CPD_ON_5H                        0000007F
_CPUDIV_OSC1_PLL2_1L              000000E7
_CPUDIV_OSC2_PLL3_1L              000000EF
_CPUDIV_OSC3_PLL4_1L              000000F7
_CPUDIV_OSC4_PLL6_1L              000000FF
_DEBUG_OFF_4L                     000000FF
_DEBUG_ON_4L                      0000007F
_DEVID1                           003FFFFE
_DEVID2                           003FFFFF
_EBTR0_OFF_7L                     000000FF
_EBTR0_ON_7L                      000000FE
_EBTR1_OFF_7L                     000000FF
_EBTR1_ON_7L                      000000FD
_EBTR2_OFF_7L                     000000FF
_EBTR2_ON_7L                      000000FB
_EBTR3_OFF_7L                     000000FF
_EBTR3_ON_7L                      000000F7
_EBTRB_OFF_7H                     000000FF
_EBTRB_ON_7H                      000000BF
_FCMEN_OFF_1H                     000000BF
_FCMEN_ON_1H                      000000FF
_FOSC_ECIO_EC_1H                  000000F4
_FOSC_ECPLLIO_EC_1H               000000F6
_FOSC_ECPLL_EC_1H                 000000F7
_FOSC_EC_EC_1H                    000000F5
_FOSC_HSPLL_HS_1H                 000000FE
_FOSC_HS_1H                       000000FC
MPASM 5.77                   ULTRASONIDO.ASM   5-13-2018  15:28:19         PAGE 29


SYMBOL TABLE
  LABEL                             VALUE 

_FOSC_INTOSCIO_EC_1H              000000F8
_FOSC_INTOSC_EC_1H                000000F9
_FOSC_INTOSC_HS_1H                000000FB
_FOSC_INTOSC_XT_1H                000000FA
_FOSC_XTPLL_XT_1H                 000000F2
_FOSC_XT_XT_1H                    000000F0
_ICPRT_OFF_4L                     000000DF
_ICPRT_ON_4L                      000000FF
_IDLOC0                           00200000
_IDLOC1                           00200001
_IDLOC2                           00200002
_IDLOC3                           00200003
_IDLOC4                           00200004
_IDLOC5                           00200005
_IDLOC6                           00200006
_IDLOC7                           00200007
_IESO_OFF_1H                      0000007F
_IESO_ON_1H                       000000FF
_LPT1OSC_OFF_3H                   000000FB
_LPT1OSC_ON_3H                    000000FF
_LVP_OFF_4L                       000000FB
_LVP_ON_4L                        000000FF
_MCLRE_OFF_3H                     0000007F
_MCLRE_ON_3H                      000000FF
_PBADEN_OFF_3H                    000000FD
_PBADEN_ON_3H                     000000FF
_PLLDIV_10_1L                     000000FE
_PLLDIV_12_1L                     000000FF
_PLLDIV_1_1L                      000000F8
_PLLDIV_2_1L                      000000F9
_PLLDIV_3_1L                      000000FA
_PLLDIV_4_1L                      000000FB
_PLLDIV_5_1L                      000000FC
_PLLDIV_6_1L                      000000FD
_PWRT_OFF_2L                      000000FF
_PWRT_ON_2L                       000000FE
_STVREN_OFF_4L                    000000FE
_STVREN_ON_4L                     000000FF
_USBDIV_1_1L                      000000DF
_USBDIV_2_1L                      000000FF
_VREGEN_OFF_2L                    000000DF
_VREGEN_ON_2L                     000000FF
_WDTPS_1024_2H                    000000F5
_WDTPS_128_2H                     000000EF
_WDTPS_16384_2H                   000000FD
_WDTPS_16_2H                      000000E9
_WDTPS_1_2H                       000000E1
_WDTPS_2048_2H                    000000F7
_WDTPS_256_2H                     000000F1
_WDTPS_2_2H                       000000E3
_WDTPS_32768_2H                   000000FF
_WDTPS_32_2H                      000000EB
_WDTPS_4096_2H                    000000F9
MPASM 5.77                   ULTRASONIDO.ASM   5-13-2018  15:28:19         PAGE 30


SYMBOL TABLE
  LABEL                             VALUE 

_WDTPS_4_2H                       000000E5
_WDTPS_512_2H                     000000F3
_WDTPS_64_2H                      000000ED
_WDTPS_8192_2H                    000000FB
_WDTPS_8_2H                       000000E7
_WDT_OFF_2H                       000000FE
_WDT_ON_2H                        000000FF
_WRT0_OFF_6L                      000000FF
_WRT0_ON_6L                       000000FE
_WRT1_OFF_6L                      000000FF
_WRT1_ON_6L                       000000FD
_WRT2_OFF_6L                      000000FF
_WRT2_ON_6L                       000000FB
_WRT3_OFF_6L                      000000FF
_WRT3_ON_6L                       000000F7
_WRTB_OFF_6H                      000000FF
_WRTB_ON_6H                       000000BF
_WRTC_OFF_6H                      000000FF
_WRTC_ON_6H                       000000DF
_WRTD_OFF_6H                      000000FF
_WRTD_ON_6H                       0000007F
_XINST_OFF_4L                     000000BF
_XINST_ON_4L                      000000FF
__18F4550                         00000001


MEMORY USAGE MAP ('X' = Used,  '-' = Unused)

0000 : XXXXXXXXXXXXXXXX XXXXXXXXXXXXXXXX XXXXXXXXXXXXXXXX XXXXXXXXXXXXXXXX
0040 : XXXXXXXXXXXXXXXX XXXXXXXXXXXXXXXX XXXXXXXXXXXXXXXX XXXXXXXXXXXXXXXX
0080 : XXXXXXXXXXXXXXXX XXXXXXXXXXXXXXXX XXXXXXXXXXXXXXXX XXXXXXXXXXXXXXXX
00C0 : XXXXXXXXXXXXXXXX XXXXXXXXXXXXXXXX XXXXXXXXXXXXXXXX XXXXXXXXXXXXXXXX
0100 : XXXXXXXXXXXXXXXX XXXXXXXXXXXXXXXX XXXXXXXXXXXXXXXX XXXXXXXXXXXXXXXX
0140 : XXXXXXXXXXXXXXXX XXXXXXXXXXXXXXXX XXXXXXXXXXXXXXXX XXXXXXXXXXXXXXXX
0180 : XXXXXXXXXXXXXXXX XXXXXXXXXXXXXXXX XXXXXXXXXXXXXXXX XXXXXXXXXXXXXXXX
01C0 : XXXXXXXXXXXXXXXX XXXXXXXXXXXXXXXX XXXXXXXXXXXXXXXX XXXXXXXXXXXXXXXX
0200 : XXXXXXXXXXXXXXXX XXXXXXXXXXXXXXXX XXXXXXXXXXXXXXXX XXXXXXXXXXXXXXXX
0240 : XXXXXXXXXXXXXXXX XXXXXXXXXXXXXXXX XXXXXXXXXXXXXXXX XXXXXXXXXXXXXXXX
0280 : XXXXXXXXXXXXXXXX XXXXXXXXXXXXXXXX XXXXXXXXXXXXXXXX XXXXXXXXXXXXXXXX
02C0 : XXXXXXXXXXXXXXXX XXXXXXXXXXXXXXXX XXXXXXXX-------- ----------------
0000 : XXXX-XX-XXXXXX-- ---------------- ---------------- ----------------

All other memory blocks unused.

Program Memory Bytes Used:   756
Program Memory Bytes Free: 32012


MPASM 5.77                   ULTRASONIDO.ASM   5-13-2018  15:28:19         PAGE 31





Errors   :     0
Warnings :     0 reported,     0 suppressed
Messages :     0 reported,     0 suppressed

